%!Adobe-FontList 1.18
%Locale:0x412

%BeginFont
Handler:DirectoryHandler
FontType:Invalid
OutlineFileName:C:\Users\G02\Desktop\chapter6\Font\AritaBuriSB.woff
FileModTime:1551084938
%EndFont

%BeginFont
Handler:DirectoryHandler
FontType:Invalid
OutlineFileName:C:\Users\G02\Desktop\chapter6\Font\fontawesome-webfont.woff
FileModTime:1551084922
%EndFont

%BeginFont
Handler:DirectoryHandler
FontType:Invalid
OutlineFileName:C:\Users\G02\Desktop\chapter6\Font\fontawesome-webfont.woff2
FileModTime:1551084922
%EndFont

%BeginFont
Handler:DirectoryHandler
FontType:Invalid
OutlineFileName:C:\Users\G02\Desktop\chapter6\Font\glyphicons-halflings-regular.eot
FileModTime:1551084922
%EndFont

%BeginFont
Handler:DirectoryHandler
FontType:Invalid
OutlineFileName:C:\Users\G02\Desktop\chapter6\Font\glyphicons-halflings-regular.svg
FileModTime:1551084922
%EndFont

%BeginFont
Handler:DirectoryHandler
FontType:TrueType
FontName:GLYPHICONSHalflings-Regular
FamilyName:GLYPHICONS Halflings
StyleName:Regular
FullName:GLYPHICONS Halflings Regular
MenuName:GLYPHICONS Halflings
StyleBits:0
WritingScript:Roman
OutlineFileName:C:\Users\G02\Desktop\chapter6\Font\glyphicons-halflings-regular.ttf
DataFormat:sfntData
hasSVG:no
FileLength:45404
FileModTime:1551084922
WeightClass:400
WidthClass:5
AngleClass:0
NameArray:0,Win,1,GLYPHICONS Halflings
%EndFont

%BeginFont
Handler:DirectoryHandler
FontType:Invalid
OutlineFileName:C:\Users\G02\Desktop\chapter6\Font\glyphicons-halflings-regular.woff2
FileModTime:1551084920
%EndFont

%BeginFont
Handler:DirectoryHandler
FontType:Invalid
OutlineFileName:C:\Users\G02\Desktop\chapter6\Font\NanumBarunGothic.eot
FileModTime:1551084938
%EndFont

%BeginFont
Handler:DirectoryHandler
FontType:TrueType
FontName:NanumBarunGothic
FamilyName:NanumBarunGothic
StyleName:Regular
FullName:NanumBarunGothic
MenuName:나눔바른고딕
StyleBits:0
FamilyNameNative:나눔바른고딕
StyleNameNative:Regular
FullNameNative:나눔바른고딕
WritingScript:Korean
OutlineFileName:C:\Users\G02\Desktop\chapter6\Font\NanumBarunGothic.ttf
DataFormat:sfntData
hasSVG:no
FileLength:4186060
FileModTime:1551084938
WeightClass:400
WidthClass:5
AngleClass:0
NameArray:0,Mac,4,NanumBarunGothic
NameArray:3,Mac,4,나눔바른고딕
NameArray:0,Win,1,NanumBarunGothic
NameArray:0,Win,16,NanumBarunGothic
NameArray:3,Win,1,나눔바른고딕
NameArray:3,Win,16,나눔바른고딕
%EndFont

%BeginFont
Handler:DirectoryHandler
FontType:Invalid
OutlineFileName:C:\Users\G02\Desktop\chapter6\Font\NanumBarunGothic.woff
FileModTime:1551084936
%EndFont

%BeginFont
Handler:DirectoryHandler
FontType:Invalid
OutlineFileName:C:\Users\G02\Desktop\chapter6\Font\NanumBarunGothicBold.eot
FileModTime:1551084936
%EndFont

%BeginFont
Handler:DirectoryHandler
FontType:TrueType
FontName:NanumBarunGothicBold
FamilyName:NanumBarunGothic
StyleName:Bold
FullName:NanumBarunGothic Bold
MenuName:나눔바른고딕
StyleBits:2
FamilyNameNative:나눔바른고딕
StyleNameNative:Bold
FullNameNative:나눔바른고딕 Bold
WritingScript:Korean
OutlineFileName:C:\Users\G02\Desktop\chapter6\Font\NanumBarunGothicBold.ttf
DataFormat:sfntData
hasSVG:no
FileLength:4415956
FileModTime:1551084936
WeightClass:600
WidthClass:5
AngleClass:0
NameArray:0,Mac,4,NanumBarunGothic Bold
NameArray:3,Mac,4,나눔바른고딕 Bold
NameArray:0,Win,1,NanumBarunGothic
NameArray:0,Win,16,NanumBarunGothic
NameArray:3,Win,1,나눔바른고딕
NameArray:3,Win,16,나눔바른고딕
%EndFont

%BeginFont
Handler:DirectoryHandler
FontType:Invalid
OutlineFileName:C:\Users\G02\Desktop\chapter6\Font\NanumBarunGothicBold.woff
FileModTime:1551084936
%EndFont

%BeginFont
Handler:DirectoryHandler
FontType:Invalid
OutlineFileName:C:\Users\G02\Desktop\chapter6\Font\NanumGothic.eot
FileModTime:1551084936
%EndFont

%BeginFont
Handler:DirectoryHandler
FontType:TrueType
FontName:NanumGothic
FamilyName:NanumGothic
StyleName:Regular
FullName:NanumGothic
MenuName:나눔고딕
StyleBits:0
FamilyNameNative:나눔고딕
StyleNameNative:Regular
FullNameNative:나눔고딕
WritingScript:Korean
OutlineFileName:C:\Users\G02\Desktop\chapter6\Font\NanumGothic.ttf
DataFormat:sfntData
hasSVG:no
FileLength:2348312
FileModTime:1551084936
WeightClass:400
WidthClass:5
AngleClass:0
NameArray:0,Mac,4,NanumGothic
NameArray:3,Mac,4,나눔고딕
NameArray:0,Win,1,NanumGothic
NameArray:3,Win,1,나눔고딕
NameArray:0,Win,16,NanumGothic
NameArray:3,Win,16,나눔고딕
%EndFont

%BeginFont
Handler:DirectoryHandler
FontType:Invalid
OutlineFileName:C:\Users\G02\Desktop\chapter6\Font\NanumGothic.woff
FileModTime:1551084936
%EndFont

%BeginFont
Handler:DirectoryHandler
FontType:Invalid
OutlineFileName:C:\Users\G02\Desktop\chapter6\Font\NanumGothicBold.eot
FileModTime:1551084934
%EndFont

%BeginFont
Handler:DirectoryHandler
FontType:TrueType
FontName:NanumGothicCoding-Bold
FamilyName:NanumGothicCoding
StyleName:Bold
FullName:NanumGothicCoding-Bold
MenuName:나눔고딕코딩
StyleBits:2
FamilyNameNative:나눔고딕코딩
StyleNameNative:Bold
FullNameNative:나눔고딕코딩-Bold
WritingScript:Korean
OutlineFileName:C:\Users\G02\Desktop\chapter6\Font\NanumGothicBold.ttf
DataFormat:sfntData
hasSVG:no
FileLength:2246240
FileModTime:1551084936
WeightClass:700
WidthClass:5
AngleClass:0
NameArray:0,Win,1,NanumGothicCoding
NameArray:3,Win,1,나눔고딕코딩
%EndFont

%BeginFont
Handler:DirectoryHandler
FontType:Invalid
OutlineFileName:C:\Users\G02\Desktop\chapter6\Font\NanumGothicBold.woff
FileModTime:1551084934
%EndFont

%BeginFont
Handler:DirectoryHandler
FontType:Invalid
OutlineFileName:C:\Users\G02\Desktop\chapter6\Font\NanumMyeongjo.eot
FileModTime:1551084934
%EndFont

%BeginFont
Handler:DirectoryHandler
FontType:CID
FontName:NanumMyeongjoOTF
FamilyName:NanumMyeongjoOTF
StyleName:Regular
FullName:NanumMyeongjoOTF
MenuName:나눔명조OTF
StyleBits:0
FamilyNameNative:나눔명조OTF
StyleNameNative:Regular
FullNameNative:나눔명조OTF
WritingScript:Korean
OutlineFileName:C:\Users\G02\Desktop\chapter6\Font\NanumMyeongjo.otf
DataFormat:sfntData
isCFF:yes
hasSVG:no
FileLength:1479472
FileModTime:1551084934
WeightClass:400
WidthClass:5
AngleClass:0
NameArray:0,Mac,4,NanumMyeongjoOTF
NameArray:3,Mac,4,나눔명조OTF
NameArray:0,Win,1,NanumMyeongjoOTF
NameArray:3,Win,1,나눔명조OTF
NameArray:0,Win,16,NanumMyeongjoOTF
NameArray:3,Win,16,나눔명조OTF
%EndFont

%BeginFont
Handler:DirectoryHandler
FontType:TrueType
FontName:NanumMyeongjo
FamilyName:NanumMyeongjo
StyleName:Regular
FullName:NanumMyeongjo
MenuName:나눔명조
StyleBits:0
FamilyNameNative:나눔명조
StyleNameNative:Regular
FullNameNative:나눔명조
WritingScript:Korean
OutlineFileName:C:\Users\G02\Desktop\chapter6\Font\NanumMyeongjo.ttf
DataFormat:sfntData
hasSVG:no
FileLength:3808496
FileModTime:1551084934
WeightClass:400
WidthClass:5
AngleClass:0
NameArray:0,Mac,4,NanumMyeongjo
NameArray:3,Mac,4,나눔명조
NameArray:0,Win,1,NanumMyeongjo
NameArray:0,Win,16,NanumMyeongjo
NameArray:3,Win,1,나눔명조
NameArray:3,Win,16,나눔명조
%EndFont

%BeginFont
Handler:DirectoryHandler
FontType:Invalid
OutlineFileName:C:\Users\G02\Desktop\chapter6\Font\NanumMyeongjo.woff
FileModTime:1551084934
%EndFont

%BeginFont
Handler:DirectoryHandler
FontType:Invalid
OutlineFileName:C:\Users\G02\Desktop\chapter6\Font\NanumSquareB.eot
FileModTime:1551084932
%EndFont

%BeginFont
Handler:DirectoryHandler
FontType:TrueType
FontName:NanumSquareB
FamilyName:NanumSquare
StyleName:Bold
FullName:NanumSquare Bold
MenuName:나눔스퀘어 Bold
StyleBits:0
FamilyNameNative:나눔스퀘어
StyleNameNative:Bold
FullNameNative:나눔스퀘어 Bold
WritingScript:Korean
OutlineFileName:C:\Users\G02\Desktop\chapter6\Font\NanumSquareB.ttf
DataFormat:sfntData
hasSVG:no
FileLength:1051396
FileModTime:1551084934
WeightClass:700
WidthClass:5
AngleClass:0
NameArray:0,Mac,4,NanumSquare Bold
NameArray:3,Mac,4,나눔스퀘어 Bold
NameArray:0,Win,1,NanumSquare Bold
NameArray:0,Win,16,NanumSquare
NameArray:3,Win,1,나눔스퀘어 Bold
NameArray:3,Win,16,나눔스퀘어
%EndFont

%BeginFont
Handler:DirectoryHandler
FontType:Invalid
OutlineFileName:C:\Users\G02\Desktop\chapter6\Font\NanumSquareB.woff
FileModTime:1551084932
%EndFont

%BeginFont
Handler:DirectoryHandler
FontType:Invalid
OutlineFileName:C:\Users\G02\Desktop\chapter6\Font\NanumSquareB.woff2
FileModTime:1551084932
%EndFont

%BeginFont
Handler:DirectoryHandler
FontType:Invalid
OutlineFileName:C:\Users\G02\Desktop\chapter6\Font\NanumSquareR.eot
FileModTime:1551084932
%EndFont

%BeginFont
Handler:DirectoryHandler
FontType:TrueType
FontName:NanumSquareR
FamilyName:NanumSquare
StyleName:Regular
FullName:NanumSquare
MenuName:나눔스퀘어
StyleBits:0
FamilyNameNative:나눔스퀘어
StyleNameNative:Regular
FullNameNative:나눔스퀘어
WritingScript:Korean
OutlineFileName:C:\Users\G02\Desktop\chapter6\Font\NanumSquareR.ttf
DataFormat:sfntData
hasSVG:no
FileLength:1055496
FileModTime:1551084932
WeightClass:400
WidthClass:5
AngleClass:0
NameArray:0,Mac,4,NanumSquare
NameArray:3,Mac,4,나눔스퀘어
NameArray:3,Mac,18,나눔스퀘어
NameArray:0,Win,1,NanumSquare
NameArray:0,Win,16,NanumSquare
NameArray:3,Win,1,나눔스퀘어
NameArray:3,Win,16,나눔스퀘어
%EndFont

%BeginFont
Handler:DirectoryHandler
FontType:Invalid
OutlineFileName:C:\Users\G02\Desktop\chapter6\Font\NanumSquareR.woff
FileModTime:1551084932
%EndFont

%BeginFont
Handler:DirectoryHandler
FontType:Invalid
OutlineFileName:C:\Users\G02\Desktop\chapter6\Font\NanumSquareR.woff2
FileModTime:1551084932
%EndFont

%BeginFont
Handler:DirectoryHandler
FontType:Invalid
OutlineFileName:C:\Users\G02\Desktop\chapter6\Font\NotoSans-Black.eot
FileModTime:1551084932
%EndFont

%BeginFont
Handler:DirectoryHandler
FontType:CID
FontName:NotoSansKR-Black
FamilyName:Noto Sans KR
StyleName:Black
FullName:Noto Sans KR Black
MenuName:Noto Sans KR Black
StyleBits:0
FamilyNameNative:Noto Sans KR
StyleNameNative:Black
FullNameNative:Noto Sans KR Black
WritingScript:Korean
OutlineFileName:C:\Users\G02\Desktop\chapter6\Font\NotoSans-Black.otf
DataFormat:sfntData
isCFF:yes
hasSVG:no
FileLength:403792
FileModTime:1551084932
WeightClass:900
WidthClass:5
AngleClass:0
NameArray:0,Mac,4,Noto Sans KR Black
NameArray:0,Win,1,Noto Sans KR Black
NameArray:0,Win,16,Noto Sans KR
%EndFont

%BeginFont
Handler:DirectoryHandler
FontType:Invalid
OutlineFileName:C:\Users\G02\Desktop\chapter6\Font\NotoSans-Black.woff
FileModTime:1551084932
%EndFont

%BeginFont
Handler:DirectoryHandler
FontType:Invalid
OutlineFileName:C:\Users\G02\Desktop\chapter6\Font\NotoSans-Black.woff2
FileModTime:1551084932
%EndFont

%BeginFont
Handler:DirectoryHandler
FontType:Invalid
OutlineFileName:C:\Users\G02\Desktop\chapter6\Font\NotoSans-Bold.eot
FileModTime:1551084930
%EndFont

%BeginFont
Handler:DirectoryHandler
FontType:CID
FontName:NotoSansKR-Bold
FamilyName:Noto Sans KR
StyleName:Bold
FullName:Noto Sans KR Bold
MenuName:Noto Sans KR Bold
StyleBits:0
FamilyNameNative:Noto Sans KR
StyleNameNative:Bold
FullNameNative:Noto Sans KR Bold
WritingScript:Korean
OutlineFileName:C:\Users\G02\Desktop\chapter6\Font\NotoSans-Bold.otf
DataFormat:sfntData
isCFF:yes
hasSVG:no
FileLength:396476
FileModTime:1551084930
WeightClass:700
WidthClass:5
AngleClass:0
NameArray:0,Mac,4,Noto Sans KR Bold
NameArray:0,Win,1,Noto Sans KR Bold
NameArray:0,Win,16,Noto Sans KR
%EndFont

%BeginFont
Handler:DirectoryHandler
FontType:Invalid
OutlineFileName:C:\Users\G02\Desktop\chapter6\Font\NotoSans-Bold.woff
FileModTime:1551084930
%EndFont

%BeginFont
Handler:DirectoryHandler
FontType:Invalid
OutlineFileName:C:\Users\G02\Desktop\chapter6\Font\NotoSans-Bold.woff2
FileModTime:1551084930
%EndFont

%BeginFont
Handler:DirectoryHandler
FontType:Invalid
OutlineFileName:C:\Users\G02\Desktop\chapter6\Font\NotoSans-DemiLight.eot
FileModTime:1551084930
%EndFont

%BeginFont
Handler:DirectoryHandler
FontType:CID
FontName:NotoSansKR-DemiLight
FamilyName:Noto Sans KR
StyleName:DemiLight
FullName:Noto Sans KR DemiLight
MenuName:Noto Sans KR DemiLight
StyleBits:0
FamilyNameNative:Noto Sans KR
StyleNameNative:DemiLight
FullNameNative:Noto Sans KR DemiLight
WritingScript:Korean
OutlineFileName:C:\Users\G02\Desktop\chapter6\Font\NotoSans-DemiLight.otf
DataFormat:sfntData
isCFF:yes
hasSVG:no
FileLength:394124
FileModTime:1551084930
WeightClass:350
WidthClass:5
AngleClass:0
NameArray:0,Mac,4,Noto Sans KR DemiLight
NameArray:0,Win,1,Noto Sans KR DemiLight
NameArray:0,Win,16,Noto Sans KR
%EndFont

%BeginFont
Handler:DirectoryHandler
FontType:Invalid
OutlineFileName:C:\Users\G02\Desktop\chapter6\Font\NotoSans-DemiLight.woff
FileModTime:1551084930
%EndFont

%BeginFont
Handler:DirectoryHandler
FontType:Invalid
OutlineFileName:C:\Users\G02\Desktop\chapter6\Font\NotoSans-DemiLight.woff2
FileModTime:1551084930
%EndFont

%BeginFont
Handler:DirectoryHandler
FontType:Invalid
OutlineFileName:C:\Users\G02\Desktop\chapter6\Font\NotoSans-Light.eot
FileModTime:1551084930
%EndFont

%BeginFont
Handler:DirectoryHandler
FontType:CID
FontName:NotoSansKR-Light
FamilyName:Noto Sans KR
StyleName:Light
FullName:Noto Sans KR Light
MenuName:Noto Sans KR Light
StyleBits:0
FamilyNameNative:Noto Sans KR
StyleNameNative:Light
FullNameNative:Noto Sans KR Light
WritingScript:Korean
OutlineFileName:C:\Users\G02\Desktop\chapter6\Font\NotoSans-Light.otf
DataFormat:sfntData
isCFF:yes
hasSVG:no
FileLength:397004
FileModTime:1551084930
WeightClass:300
WidthClass:5
AngleClass:0
NameArray:0,Mac,4,Noto Sans KR Light
NameArray:0,Win,1,Noto Sans KR Light
NameArray:0,Win,16,Noto Sans KR
%EndFont

%BeginFont
Handler:DirectoryHandler
FontType:Invalid
OutlineFileName:C:\Users\G02\Desktop\chapter6\Font\NotoSans-Light.woff
FileModTime:1551084930
%EndFont

%BeginFont
Handler:DirectoryHandler
FontType:Invalid
OutlineFileName:C:\Users\G02\Desktop\chapter6\Font\NotoSans-Light.woff2
FileModTime:1551084930
%EndFont

%BeginFont
Handler:DirectoryHandler
FontType:Invalid
OutlineFileName:C:\Users\G02\Desktop\chapter6\Font\NotoSans-Medium.eot
FileModTime:1551084930
%EndFont

%BeginFont
Handler:DirectoryHandler
FontType:CID
FontName:NotoSansKR-Medium
FamilyName:Noto Sans KR
StyleName:Medium
FullName:Noto Sans KR Medium
MenuName:Noto Sans KR Medium
StyleBits:0
FamilyNameNative:Noto Sans KR
StyleNameNative:Medium
FullNameNative:Noto Sans KR Medium
WritingScript:Korean
OutlineFileName:C:\Users\G02\Desktop\chapter6\Font\NotoSans-Medium.otf
DataFormat:sfntData
isCFF:yes
hasSVG:no
FileLength:391268
FileModTime:1551084930
WeightClass:500
WidthClass:5
AngleClass:0
NameArray:0,Mac,4,Noto Sans KR Medium
NameArray:0,Win,1,Noto Sans KR Medium
NameArray:0,Win,16,Noto Sans KR
%EndFont

%BeginFont
Handler:DirectoryHandler
FontType:Invalid
OutlineFileName:C:\Users\G02\Desktop\chapter6\Font\NotoSans-Medium.woff
FileModTime:1551084928
%EndFont

%BeginFont
Handler:DirectoryHandler
FontType:Invalid
OutlineFileName:C:\Users\G02\Desktop\chapter6\Font\NotoSans-Medium.woff2
FileModTime:1551084928
%EndFont

%BeginFont
Handler:DirectoryHandler
FontType:Invalid
OutlineFileName:C:\Users\G02\Desktop\chapter6\Font\NotoSans-Regular.eot
FileModTime:1551084928
%EndFont

%BeginFont
Handler:DirectoryHandler
FontType:CID
FontName:NotoSansKR-Regular
FamilyName:Noto Sans KR
StyleName:Regular
FullName:Noto Sans KR Regular
MenuName:Noto Sans KR Regular
StyleBits:0
FamilyNameNative:Noto Sans KR
StyleNameNative:Regular
FullNameNative:Noto Sans KR Regular
WritingScript:Korean
OutlineFileName:C:\Users\G02\Desktop\chapter6\Font\NotoSans-Regular.otf
DataFormat:sfntData
isCFF:yes
hasSVG:no
FileLength:392940
FileModTime:1551084928
WeightClass:400
WidthClass:5
AngleClass:0
NameArray:0,Mac,4,Noto Sans KR Regular
NameArray:0,Win,1,Noto Sans KR Regular
NameArray:0,Win,16,Noto Sans KR
%EndFont

%BeginFont
Handler:DirectoryHandler
FontType:Invalid
OutlineFileName:C:\Users\G02\Desktop\chapter6\Font\NotoSans-Regular.woff
FileModTime:1551084928
%EndFont

%BeginFont
Handler:DirectoryHandler
FontType:Invalid
OutlineFileName:C:\Users\G02\Desktop\chapter6\Font\NotoSans-Regular.woff2
FileModTime:1551084928
%EndFont

%BeginFont
Handler:DirectoryHandler
FontType:Invalid
OutlineFileName:C:\Users\G02\Desktop\chapter6\Font\NotoSans-Thin.eot
FileModTime:1551084928
%EndFont

%BeginFont
Handler:DirectoryHandler
FontType:CID
FontName:NotoSansKR-Thin
FamilyName:Noto Sans KR
StyleName:Thin
FullName:Noto Sans KR Thin
MenuName:Noto Sans KR Thin
StyleBits:0
FamilyNameNative:Noto Sans KR
StyleNameNative:Thin
FullNameNative:Noto Sans KR Thin
WritingScript:Korean
OutlineFileName:C:\Users\G02\Desktop\chapter6\Font\NotoSans-Thin.otf
DataFormat:sfntData
isCFF:yes
hasSVG:no
FileLength:399528
FileModTime:1551084928
WeightClass:250
WidthClass:5
AngleClass:0
NameArray:0,Mac,4,Noto Sans KR Thin
NameArray:0,Win,1,Noto Sans KR Thin
NameArray:0,Win,16,Noto Sans KR
%EndFont

%BeginFont
Handler:DirectoryHandler
FontType:Invalid
OutlineFileName:C:\Users\G02\Desktop\chapter6\Font\NotoSans-Thin.woff
FileModTime:1551084928
%EndFont

%BeginFont
Handler:DirectoryHandler
FontType:Invalid
OutlineFileName:C:\Users\G02\Desktop\chapter6\Font\NotoSans-Thin.woff2
FileModTime:1551084928
%EndFont

%BeginFont
Handler:DirectoryHandler
FontType:Invalid
OutlineFileName:C:\Users\G02\Desktop\chapter6\Font\reset.css
FileModTime:1551084920
%EndFont

%BeginFont
Handler:DirectoryHandler
FontType:TrueType
FontName:Roboto-Black
FamilyName:Roboto
StyleName:Black
FullName:Roboto Black
MenuName:Roboto Black
StyleBits:0
WritingScript:Roman
OutlineFileName:C:\Users\G02\Desktop\chapter6\Font\Roboto-Black.ttf
DataFormat:sfntData
hasSVG:no
FileLength:171480
FileModTime:1551084928
WeightClass:900
WidthClass:5
AngleClass:0
NameArray:0,Mac,4,Roboto Black
NameArray:0,Win,1,Roboto Black
NameArray:0,Win,16,Roboto
%EndFont

%BeginFont
Handler:DirectoryHandler
FontType:Invalid
OutlineFileName:C:\Users\G02\Desktop\chapter6\Font\Roboto-Black.woff
FileModTime:1551084928
%EndFont

%BeginFont
Handler:DirectoryHandler
FontType:Invalid
OutlineFileName:C:\Users\G02\Desktop\chapter6\Font\Roboto-Black.woff2
FileModTime:1551084928
%EndFont

%BeginFont
Handler:DirectoryHandler
FontType:TrueType
FontName:Roboto-BlackItalic
FamilyName:Roboto
StyleName:Black Italic
FullName:Roboto Black Italic
MenuName:Roboto Black
StyleBits:1
WritingScript:Roman
OutlineFileName:C:\Users\G02\Desktop\chapter6\Font\Roboto-BlackItalic.ttf
DataFormat:sfntData
hasSVG:no
FileLength:177552
FileModTime:1551084928
WeightClass:900
WidthClass:5
AngleClass:1
NameArray:0,Mac,4,Roboto Black Italic
NameArray:0,Win,1,Roboto Black
NameArray:0,Win,16,Roboto
%EndFont

%BeginFont
Handler:DirectoryHandler
FontType:Invalid
OutlineFileName:C:\Users\G02\Desktop\chapter6\Font\Roboto-BlackItalic.woff
FileModTime:1551084926
%EndFont

%BeginFont
Handler:DirectoryHandler
FontType:Invalid
OutlineFileName:C:\Users\G02\Desktop\chapter6\Font\Roboto-BlackItalic.woff2
FileModTime:1551084926
%EndFont

%BeginFont
Handler:DirectoryHandler
FontType:TrueType
FontName:Roboto-Bold
FamilyName:Roboto
StyleName:Bold
FullName:Roboto Bold
MenuName:Roboto
StyleBits:2
WritingScript:Roman
OutlineFileName:C:\Users\G02\Desktop\chapter6\Font\Roboto-Bold.ttf
DataFormat:sfntData
hasSVG:no
FileLength:170760
FileModTime:1551084926
WeightClass:700
WidthClass:5
AngleClass:0
NameArray:0,Mac,4,Roboto Bold
NameArray:0,Win,1,Roboto
%EndFont

%BeginFont
Handler:DirectoryHandler
FontType:Invalid
OutlineFileName:C:\Users\G02\Desktop\chapter6\Font\Roboto-Bold.woff
FileModTime:1551084926
%EndFont

%BeginFont
Handler:DirectoryHandler
FontType:Invalid
OutlineFileName:C:\Users\G02\Desktop\chapter6\Font\Roboto-Bold.woff2
FileModTime:1551084926
%EndFont

%BeginFont
Handler:DirectoryHandler
FontType:TrueType
FontName:Roboto-BoldItalic
FamilyName:Roboto
StyleName:Bold Italic
FullName:Roboto Bold Italic
MenuName:Roboto
StyleBits:3
WritingScript:Roman
OutlineFileName:C:\Users\G02\Desktop\chapter6\Font\Roboto-BoldItalic.ttf
DataFormat:sfntData
hasSVG:no
FileLength:174952
FileModTime:1551084926
WeightClass:700
WidthClass:5
AngleClass:1
NameArray:0,Mac,4,Roboto Bold Italic
NameArray:0,Win,1,Roboto
%EndFont

%BeginFont
Handler:DirectoryHandler
FontType:Invalid
OutlineFileName:C:\Users\G02\Desktop\chapter6\Font\Roboto-BoldItalic.woff
FileModTime:1551084926
%EndFont

%BeginFont
Handler:DirectoryHandler
FontType:Invalid
OutlineFileName:C:\Users\G02\Desktop\chapter6\Font\Roboto-BoldItalic.woff2
FileModTime:1551084926
%EndFont

%BeginFont
Handler:DirectoryHandler
FontType:TrueType
FontName:Roboto-Italic
FamilyName:Roboto
StyleName:Italic
FullName:Roboto Italic
MenuName:Roboto
StyleBits:1
WritingScript:Roman
OutlineFileName:C:\Users\G02\Desktop\chapter6\Font\Roboto-Italic.ttf
DataFormat:sfntData
hasSVG:no
FileLength:173932
FileModTime:1551084926
WeightClass:400
WidthClass:5
AngleClass:1
NameArray:0,Mac,4,Roboto Italic
NameArray:0,Win,1,Roboto
%EndFont

%BeginFont
Handler:DirectoryHandler
FontType:Invalid
OutlineFileName:C:\Users\G02\Desktop\chapter6\Font\Roboto-Italic.woff
FileModTime:1551084926
%EndFont

%BeginFont
Handler:DirectoryHandler
FontType:Invalid
OutlineFileName:C:\Users\G02\Desktop\chapter6\Font\Roboto-Italic.woff2
FileModTime:1551084926
%EndFont

%BeginFont
Handler:DirectoryHandler
FontType:TrueType
FontName:Roboto-Light
FamilyName:Roboto
StyleName:Light
FullName:Roboto Light
MenuName:Roboto Light
StyleBits:0
WritingScript:Roman
OutlineFileName:C:\Users\G02\Desktop\chapter6\Font\Roboto-Light.ttf
DataFormat:sfntData
hasSVG:no
FileLength:170420
FileModTime:1551084926
WeightClass:300
WidthClass:5
AngleClass:0
NameArray:0,Mac,4,Roboto Light
NameArray:0,Win,1,Roboto Light
NameArray:0,Win,16,Roboto
%EndFont

%BeginFont
Handler:DirectoryHandler
FontType:Invalid
OutlineFileName:C:\Users\G02\Desktop\chapter6\Font\Roboto-Light.woff
FileModTime:1551084924
%EndFont

%BeginFont
Handler:DirectoryHandler
FontType:Invalid
OutlineFileName:C:\Users\G02\Desktop\chapter6\Font\Roboto-Light.woff2
FileModTime:1551084924
%EndFont

%BeginFont
Handler:DirectoryHandler
FontType:TrueType
FontName:Roboto-LightItalic
FamilyName:Roboto
StyleName:Light Italic
FullName:Roboto Light Italic
MenuName:Roboto Light
StyleBits:1
WritingScript:Roman
OutlineFileName:C:\Users\G02\Desktop\chapter6\Font\Roboto-LightItalic.ttf
DataFormat:sfntData
hasSVG:no
FileLength:176616
FileModTime:1551084924
WeightClass:300
WidthClass:5
AngleClass:1
NameArray:0,Mac,4,Roboto Light Italic
NameArray:0,Win,1,Roboto Light
NameArray:0,Win,16,Roboto
%EndFont

%BeginFont
Handler:DirectoryHandler
FontType:Invalid
OutlineFileName:C:\Users\G02\Desktop\chapter6\Font\Roboto-LightItalic.woff
FileModTime:1551084924
%EndFont

%BeginFont
Handler:DirectoryHandler
FontType:Invalid
OutlineFileName:C:\Users\G02\Desktop\chapter6\Font\Roboto-LightItalic.woff2
FileModTime:1551084924
%EndFont

%BeginFont
Handler:DirectoryHandler
FontType:TrueType
FontName:Roboto-Medium
FamilyName:Roboto
StyleName:Medium
FullName:Roboto Medium
MenuName:Roboto Medium
StyleBits:0
WritingScript:Roman
OutlineFileName:C:\Users\G02\Desktop\chapter6\Font\Roboto-Medium.ttf
DataFormat:sfntData
hasSVG:no
FileLength:172064
FileModTime:1551084924
WeightClass:500
WidthClass:5
AngleClass:0
NameArray:0,Mac,4,Roboto Medium
NameArray:0,Win,1,Roboto Medium
NameArray:0,Win,16,Roboto
%EndFont

%BeginFont
Handler:DirectoryHandler
FontType:Invalid
OutlineFileName:C:\Users\G02\Desktop\chapter6\Font\Roboto-Medium.woff
FileModTime:1551084924
%EndFont

%BeginFont
Handler:DirectoryHandler
FontType:Invalid
OutlineFileName:C:\Users\G02\Desktop\chapter6\Font\Roboto-Medium.woff2
FileModTime:1551084924
%EndFont

%BeginFont
Handler:DirectoryHandler
FontType:TrueType
FontName:Roboto-MediumItalic
FamilyName:Roboto
StyleName:Medium Italic
FullName:Roboto Medium Italic
MenuName:Roboto Medium
StyleBits:1
WritingScript:Roman
OutlineFileName:C:\Users\G02\Desktop\chapter6\Font\Roboto-MediumItalic.ttf
DataFormat:sfntData
hasSVG:no
FileLength:176864
FileModTime:1551084924
WeightClass:500
WidthClass:5
AngleClass:1
NameArray:0,Mac,4,Roboto Medium Italic
NameArray:0,Win,1,Roboto Medium
NameArray:0,Win,16,Roboto
%EndFont

%BeginFont
Handler:DirectoryHandler
FontType:Invalid
OutlineFileName:C:\Users\G02\Desktop\chapter6\Font\Roboto-MediumItalic.woff
FileModTime:1551084924
%EndFont

%BeginFont
Handler:DirectoryHandler
FontType:Invalid
OutlineFileName:C:\Users\G02\Desktop\chapter6\Font\Roboto-MediumItalic.woff2
FileModTime:1551084924
%EndFont

%BeginFont
Handler:DirectoryHandler
FontType:TrueType
FontName:Roboto-Regular
FamilyName:Roboto
StyleName:Regular
FullName:Roboto
MenuName:Roboto
StyleBits:0
WritingScript:Roman
OutlineFileName:C:\Users\G02\Desktop\chapter6\Font\Roboto-Regular.ttf
DataFormat:sfntData
hasSVG:no
FileLength:171676
FileModTime:1551084924
WeightClass:400
WidthClass:5
AngleClass:0
NameArray:0,Mac,4,Roboto
NameArray:0,Win,1,Roboto
%EndFont

%BeginFont
Handler:DirectoryHandler
FontType:Invalid
OutlineFileName:C:\Users\G02\Desktop\chapter6\Font\Roboto-Regular.woff
FileModTime:1551084922
%EndFont

%BeginFont
Handler:DirectoryHandler
FontType:Invalid
OutlineFileName:C:\Users\G02\Desktop\chapter6\Font\Roboto-Regular.woff2
FileModTime:1551084922
%EndFont

%BeginFont
Handler:DirectoryHandler
FontType:TrueType
FontName:Roboto-Thin
FamilyName:Roboto
StyleName:Thin
FullName:Roboto Thin
MenuName:Roboto Thin
StyleBits:0
WritingScript:Roman
OutlineFileName:C:\Users\G02\Desktop\chapter6\Font\Roboto-Thin.ttf
DataFormat:sfntData
hasSVG:no
FileLength:171904
FileModTime:1551084922
WeightClass:250
WidthClass:5
AngleClass:0
NameArray:0,Mac,4,Roboto Thin
NameArray:0,Win,1,Roboto Thin
NameArray:0,Win,16,Roboto
%EndFont

%BeginFont
Handler:DirectoryHandler
FontType:Invalid
OutlineFileName:C:\Users\G02\Desktop\chapter6\Font\Roboto-Thin.woff
FileModTime:1551084922
%EndFont

%BeginFont
Handler:DirectoryHandler
FontType:Invalid
OutlineFileName:C:\Users\G02\Desktop\chapter6\Font\Roboto-Thin.woff2
FileModTime:1551084922
%EndFont

%BeginFont
Handler:DirectoryHandler
FontType:TrueType
FontName:Roboto-ThinItalic
FamilyName:Roboto
StyleName:Thin Italic
FullName:Roboto Thin Italic
MenuName:Roboto Thin
StyleBits:1
WritingScript:Roman
OutlineFileName:C:\Users\G02\Desktop\chapter6\Font\Roboto-ThinItalic.ttf
DataFormat:sfntData
hasSVG:no
FileLength:176300
FileModTime:1551084922
WeightClass:250
WidthClass:5
AngleClass:1
NameArray:0,Mac,4,Roboto Thin Italic
NameArray:0,Win,1,Roboto Thin
NameArray:0,Win,16,Roboto
%EndFont

%BeginFont
Handler:DirectoryHandler
FontType:Invalid
OutlineFileName:C:\Users\G02\Desktop\chapter6\Font\Roboto-ThinItalic.woff
FileModTime:1551084922
%EndFont

%BeginFont
Handler:DirectoryHandler
FontType:Invalid
OutlineFileName:C:\Users\G02\Desktop\chapter6\Font\Roboto-ThinItalic.woff2
FileModTime:1551084922
%EndFont

%BeginFont
Handler:DirectoryHandler
FontType:Invalid
OutlineFileName:C:\Users\G02\Desktop\chapter6\Font\webfont.css
FileModTime:1580257888
%EndFont

